12:52:42 ------------
12:52:42 * Starting *
12:52:42 * finish importing config *
12:52:42 * finish importing config *
12:52:42 Total of 0 images in /home/ram/photos/
12:56:58 ------------
12:56:58 * Starting *
12:56:58 * finish importing config *
12:56:58 * finish importing config *
12:56:58 Total of 0 images in /home/photos/
12:57:19 ------------
12:57:19 * Starting *
12:57:19 * finish importing config *
12:57:19 * finish importing config *
12:57:19 /home/Photos/
12:57:19 Total of 546 images in /home/Photos/
12:57:20 /home/Photos//20170422_094439.jpg (2988, 5312, 3)
12:57:31 /home/Photos//20170430_175629.jpg (2988, 5312, 3)
12:58:42 ------------
12:58:42 * Starting *
12:58:42 * finish importing config *
12:58:42 * finish importing config *
12:58:42 /home/Photos/
12:58:42 Total of 546 images in /home/Photos/
12:58:42 /home/Photos//20161208_114239.jpg (2988, 5312, 3)
12:59:04 ------------
12:59:04 * Starting *
12:59:04 * finish importing config *
12:59:04 * finish importing config *
12:59:04 /home/Photos/
12:59:04 Total of 546 images in /home/Photos/
12:59:04 /home/Photos//20170918_094741.jpg (2988, 5312, 3)
12:59:15 /home/Photos//20170918_115411.jpg (2988, 5312, 3)
12:59:26 /home/Photos//20170928_101341.jpg (2988, 5312, 3)
12:59:38 /home/Photos//20171004_111329.jpg (2988, 5312, 3)
13:03:34 ------------
13:03:34 * Starting *
13:03:34 * finish importing config *
13:03:34 * finish importing config *
13:03:34 /home/Photos/
13:03:34 Total of 546 images in /home/Photos/
13:03:34 /home/Photos//20170422_075651.jpg (2988, 5312, 3)
13:06:12 ------------
13:06:12 * Starting *
13:06:12 * finish importing config *
13:06:12 * finish importing config *
13:06:12 /home/Photos/
13:06:12 Total of 546 images in /home/Photos/
13:06:12 /home/Photos//20160611_110936.jpg (2988, 5312, 3)
13:07:04 ------------
13:07:04 * Starting *
13:07:04 * finish importing config *
13:07:04 * finish importing config *
13:07:04 /home/Photos/
13:07:04 Total of 546 images in /home/Photos/
13:07:04 /home/Photos//20180427_130337.jpg (2988, 5312, 3)
13:07:36 ------------
13:07:36 * Starting *
13:07:36 * finish importing config *
13:07:36 * finish importing config *
13:07:36 /home/Photos/
13:07:36 Total of 546 images in /home/Photos/
13:07:36 /home/Photos//20171014_125301.jpg (2988, 5312, 3)
13:07:55 ------------
13:07:55 * Starting *
13:07:55 * finish importing config *
13:07:55 * finish importing config *
13:07:55 /home/Photos/
13:07:55 Total of 546 images in /home/Photos/
13:07:55 /home/Photos//20180913_171420.jpg (2988, 5312, 3)
13:08:29 ------------
13:08:29 * Starting *
13:08:29 * finish importing config *
13:08:29 * finish importing config *
13:08:29 /home/Photos/
13:08:29 Total of 546 images in /home/Photos/
13:08:29 /home/Photos//20170803_185730.jpg (2988, 5312, 3)
13:09:13 ------------
13:09:13 * Starting *
13:09:13 * finish importing config *
13:09:13 * finish importing config *
13:09:13 /home/Photos/
13:09:13 Total of 546 images in /home/Photos/
13:09:13 /home/Photos//20180406_103559.jpg (2988, 5312, 3)
13:09:41 ------------
13:09:41 * Starting *
13:09:41 * finish importing config *
13:09:41 * finish importing config *
13:09:41 /home/Photos/
13:09:41 Total of 546 images in /home/Photos/
13:09:42 /home/Photos//20160422_111843.jpg (2988, 5312, 3)
13:09:53 ------------
13:09:53 * Starting *
13:09:53 * finish importing config *
13:09:53 * finish importing config *
13:09:53 /home/Photos/
13:09:53 Total of 546 images in /home/Photos/
13:09:53 /home/Photos//20180708_081753.jpg (2988, 5312, 3)
13:10:15 ------------
13:10:15 * Starting *
13:10:15 * finish importing config *
13:10:15 * finish importing config *
13:10:15 /home/Photos/
13:10:15 Total of 546 images in /home/Photos/
13:10:15 /home/Photos//20160611_103621.jpg (2988, 5312, 3)
13:11:24 ------------
13:11:24 * Starting *
13:11:24 * finish importing config *
13:11:24 * finish importing config *
13:11:24 /home/Photos/
13:11:24 Total of 546 images in /home/Photos/
13:11:24 /home/Photos//20180427_162706.jpg (2988, 5312, 3)
13:11:55 ------------
13:11:55 * Starting *
13:11:55 * finish importing config *
13:11:55 * finish importing config *
13:11:55 /home/Photos/
13:11:55 Total of 546 images in /home/Photos/
13:11:55 /home/Photos//20170309_090216.jpg (2988, 5312, 3)
13:12:33 ------------
13:12:33 * Starting *
13:12:33 * finish importing config *
13:12:33 * finish importing config *
13:12:33 /home/Photos/
13:12:33 Total of 546 images in /home/Photos/
13:12:33 /home/Photos//20161210_141436.jpg (2988, 5312, 3)
13:13:48 ------------
13:13:48 * Starting *
13:13:48 * finish importing config *
13:13:48 * finish importing config *
13:13:48 /home/Photos/
13:13:48 Total of 546 images in /home/Photos/
13:13:48 /home/Photos//20171013_125614.jpg (2988, 5312, 3)
13:13:58 ------------
13:13:58 * Starting *
13:13:58 * finish importing config *
13:13:58 * finish importing config *
13:13:58 /home/Photos/
13:13:58 Total of 546 images in /home/Photos/
13:13:58 /home/Photos//20160801_183549.jpg (2988, 5312, 3)
13:14:38 ------------
13:14:38 * Starting *
13:14:38 * finish importing config *
13:14:38 * finish importing config *
13:14:38 /home/Photos/
13:14:38 Total of 546 images in /home/Photos/
13:14:39 /home/Photos//20160801_194347.jpg (2988, 5312, 3)
13:15:05 ------------
13:15:05 * Starting *
13:15:05 * finish importing config *
13:15:06 * finish importing config *
13:15:06 /home/Photos/
13:15:06 Total of 546 images in /home/Photos/
13:15:06 /home/Photos//20170803_182239.jpg (2988, 5312, 3)
13:16:13 ------------
13:16:13 * Starting *
13:16:13 * finish importing config *
13:16:18 ------------
13:16:18 * Starting *
13:16:18 * finish importing config *
13:16:18 * finish importing config *
13:16:19 /home/Photos/
13:16:19 Total of 546 images in /home/Photos/
13:16:19 /home/Photos//20160611_101831.jpg (2988, 5312, 3)
13:19:10 ------------
13:19:10 * Starting *
13:19:10 * finish importing config *
13:19:10 * finish importing config *
13:19:10 /home/Photos/
13:19:10 Total of 546 images in /home/Photos/
13:19:10 /home/Photos//20160611_111226.jpg (2988, 5312, 3)
13:19:58 ------------
13:19:58 * Starting *
13:19:58 * finish importing config *
13:19:58 * finish importing config *
13:19:58 /home/Photos/
13:19:58 Total of 546 images in /home/Photos/
13:19:58 /home/Photos//20180830_163805.jpg (2988, 5312, 3)
13:20:00 /home/Photos//20180831_185142-EFFECTS.jpg (2988, 5312, 3)
13:20:01 /home/Photos//20180902_084552.jpg (2988, 5312, 3)
13:20:02 /home/Photos//20180902_184245.jpg (2988, 5312, 3)
13:20:03 /home/Photos//20180902_184301.jpg (2988, 5312, 3)
13:20:49 ------------
13:20:49 * Starting *
13:20:49 * finish importing config *
13:20:49 * finish importing config *
13:20:49 /home/Photos/
13:20:49 Total of 546 images in /home/Photos/
13:20:49 /home/Photos//20171013_125619.jpg (2988, 5312, 3)
13:21:07 ------------
13:21:07 * Starting *
13:21:07 * finish importing config *
13:21:07 * finish importing config *
13:21:07 /home/Photos/
13:21:07 Total of 546 images in /home/Photos/
13:21:07 /home/Photos//20180317_121556.jpg (2988, 5312, 3)
13:21:27 ------------
13:21:27 * Starting *
13:21:27 * finish importing config *
13:21:27 * finish importing config *
13:21:27 /home/Photos/
13:21:27 Total of 546 images in /home/Photos/
13:21:27 /home/Photos//20161115_084539.jpg (2988, 5312, 3)
13:21:29 /home/Photos//20161117_103639.jpg (2988, 5312, 3)
13:21:31 /home/Photos//20161117_113419.jpg (2988, 5312, 3)
13:21:34 /home/Photos//20161208_103529.jpg (2988, 5312, 3)
13:21:36 /home/Photos//20161208_104223.jpg (2988, 5312, 3)
13:21:46 ------------
13:21:46 * Starting *
13:21:46 * finish importing config *
13:21:46 * finish importing config *
13:21:46 /home/Photos/
13:21:46 Total of 546 images in /home/Photos/
13:21:47 /home/Photos//20180427_072338.jpg (2988, 5312, 3)
13:21:49 /home/Photos//20180427_075758.jpg (2988, 5312, 3)
13:21:51 /home/Photos//20180427_075920.jpg (2988, 5312, 3)
13:21:53 /home/Photos//20180427_090119.jpg (2988, 5312, 3)
13:21:55 /home/Photos//20180427_090124.jpg (2988, 5312, 3)
13:21:58 /home/Photos//20180427_090128.jpg (2988, 5312, 3)
13:22:07 ------------
13:22:07 * Starting *
13:22:07 * finish importing config *
13:22:07 * finish importing config *
13:22:07 /home/Photos/
13:22:07 Total of 546 images in /home/Photos/
13:22:07 /home/Photos//20170419_181350.jpg (2988, 5312, 3)
13:22:09 /home/Photos//20170420_063732.jpg (2988, 5312, 3)
13:23:29 ------------
13:23:29 * Starting *
13:23:29 * finish importing config *
13:23:29 * finish importing config *
13:23:29 /home/Photos/
13:23:29 Total of 546 images in /home/Photos/
13:23:29 /home/Photos//20180720_083950.jpg (2988, 5312, 3)
13:23:31 /home/Photos//20180720_085443.jpg (2988, 5312, 3)
13:23:34 /home/Photos//20180720_094313.jpg (2988, 5312, 3)
13:25:45 ------------
13:25:45 * Starting *
13:25:45 * finish importing config *
13:25:46 * finish importing config *
13:25:46 /home/Photos/
13:25:46 Total of 546 images in /home/Photos/
13:25:46 /home/Photos//20180425_183403.jpg (2988, 5312, 3)
13:25:48 /home/Photos//20180426_083546.jpg (2988, 5312, 3)
13:25:50 /home/Photos//20180427_072338.jpg (2988, 5312, 3)
13:25:53 /home/Photos//20180427_075758.jpg (2988, 5312, 3)
13:25:55 /home/Photos//20180427_075920.jpg (2988, 5312, 3)
13:25:57 /home/Photos//20180427_090119.jpg (2988, 5312, 3)
13:25:59 /home/Photos//20180427_090124.jpg (2988, 5312, 3)
13:26:01 /home/Photos//20180427_090128.jpg (2988, 5312, 3)
13:26:14 ------------
13:26:14 * Starting *
13:26:14 * finish importing config *
13:26:14 * finish importing config *
13:26:14 /home/Photos/
13:26:14 Total of 546 images in /home/Photos/
13:26:14 /home/Photos//20181128_153840.jpg (2988, 5312, 3)
13:26:16 /home/Photos//20181128_161015.jpg (2988, 5312, 3)
13:26:18 /home/Photos//20181128_162931.jpg (2988, 5312, 3)
13:31:16 ------------
13:31:16 * Starting *
13:31:16 * finish importing config *
13:31:16 * finish importing config *
13:31:16 /home/Photos/
13:31:16 Total of 546 images in /home/Photos/
13:31:16 /home/Photos//20180720_085443.jpg (2988, 5312, 3)
13:32:27 ------------
13:32:27 * Starting *
13:32:27 * finish importing config *
13:32:27 * finish importing config *
13:32:27 /home/Photos/
13:32:27 Total of 546 images in /home/Photos/
13:32:27 /home/Photos//20180406_102038.jpg (2988, 5312, 3)
13:32:30 /home/Photos//20180406_103559.jpg (2988, 5312, 3)
13:32:32 /home/Photos//20180406_115314.jpg (2988, 5312, 3)
13:32:34 /home/Photos//20180406_125218.jpg (2988, 5312, 3)
13:32:57 ------------
13:32:57 * Starting *
13:32:57 * finish importing config *
13:32:57 * finish importing config *
13:32:57 /home/Photos/
13:32:57 Total of 546 images in /home/Photos/
13:32:57 /home/Photos//20170114_104119.jpg (2988, 5312, 3)
13:32:59 /home/Photos//20170114_104428.jpg (2988, 5312, 3)
13:33:01 /home/Photos//20170114_104657.jpg (2988, 5312, 3)
13:33:21 ------------
13:33:21 * Starting *
13:33:21 * finish importing config *
13:33:35 ------------
13:33:35 * Starting *
13:33:35 * finish importing config *
13:34:03 ------------
13:34:03 * Starting *
13:34:03 * finish importing config *
13:34:04 * finish importing config *
13:34:04 /home/Photos/
13:34:04 Total of 546 images in /home/Photos/
13:34:37 ------------
13:34:37 * Starting *
13:34:37 * finish importing config *
13:34:37 * finish importing config *
13:34:37 /home/Photos/
13:34:37 Total of 546 images in /home/Photos/
13:34:37 /home/Photos//20160611_092141.jpg (2988, 5312, 3)
13:34:39 /home/Photos//20160611_094947.jpg (2988, 5312, 3)
13:34:41 /home/Photos//20160611_101831.jpg (2988, 5312, 3)
13:34:43 /home/Photos//20160611_101943.jpg (2988, 5312, 3)
13:34:46 /home/Photos//20160611_103621.jpg (2988, 5312, 3)
13:34:48 /home/Photos//20160611_105541.jpg (2988, 5312, 3)
13:34:50 /home/Photos//20160611_110936.jpg (2988, 5312, 3)
13:34:53 /home/Photos//20160611_111226.jpg (2988, 5312, 3)
14:08:30 ------------
14:08:30 * Starting *
14:08:30 * finish importing config *
14:08:30 * finish importing config *
14:08:30 /home/Photos/
14:08:30 Total of 546 images in /home/Photos/
14:08:30 /home/Photos//20180830_072852.jpg (2988, 5312, 3)
14:08:33 /home/Photos//20180830_160837.jpg (2988, 5312, 3)
14:08:35 /home/Photos//20180830_163805.jpg (2988, 5312, 3)
14:12:26 ------------
14:12:26 * Starting *
14:12:26 * finish importing config *
14:12:26 * finish importing config *
14:12:26 /home/Photos/
14:12:26 Total of 546 images in /home/Photos/
14:12:26 /home/Photos//20170326_123140.jpg (2988, 5312, 3)
14:12:29 /home/Photos//20170326_125140.jpg (2988, 5312, 3)
14:12:31 /home/Photos//20170410_071939.jpg (2988, 5312, 3)
14:12:34 /home/Photos//20170410_080236.jpg (2988, 5312, 3)
14:12:56 ------------
14:12:56 * Starting *
14:12:56 * finish importing config *
14:12:56 * finish importing config *
14:12:56 /home/Photos/
14:12:56 Total of 546 images in /home/Photos/
14:12:56 /home/Photos//20170421_184614.jpg (2988, 5312, 3)
14:12:58 /home/Photos//20170421_184706.jpg (2988, 5312, 3)
14:14:29 ------------
14:14:29 * Starting *
14:14:29 * finish importing config *
14:14:29 * finish importing config *
14:14:29 /home/Photos/
14:14:29 Total of 546 images in /home/Photos/
14:14:29 /home/Photos//20180307_094019.jpg (2988, 5312, 3)
14:14:32 /home/Photos//20180307_132317.jpg (2988, 5312, 3)
14:14:54 ------------
14:14:54 * Starting *
14:14:54 * finish importing config *
14:14:54 * finish importing config *
14:14:54 /home/Photos/
14:14:54 Total of 546 images in /home/Photos/
14:14:54 /home/Photos//20171224_092543.jpg (2988, 5312, 3)
14:14:57 /home/Photos//20171225_084504.jpg (2988, 5312, 3)
14:14:59 /home/Photos//20171225_084516.jpg (2988, 5312, 3)
14:15:01 /home/Photos//20171225_092354.jpg (2988, 5312, 3)
14:15:04 /home/Photos//20171225_092755.jpg (2988, 5312, 3)
14:15:32 ------------
14:15:32 * Starting *
14:15:32 * finish importing config *
14:15:33 * finish importing config *
14:15:33 /home/Photos/
14:15:33 Total of 546 images in /home/Photos/
14:15:33 /home/Photos//20180723_125641.jpg (2988, 5312, 3)
14:15:35 /home/Photos//20180725_175054.jpg (2988, 5312, 3)
14:15:53 ------------
14:15:53 * Starting *
14:15:53 * finish importing config *
14:15:53 * finish importing config *
14:15:53 /home/Photos/
14:15:53 Total of 546 images in /home/Photos/
14:15:53 /home/Photos//20160418_192723.jpg (2988, 5312, 3)
14:15:55 /home/Photos//20160419_095744.jpg (2988, 5312, 3)
14:16:44 ------------
14:16:44 * Starting *
14:16:44 * finish importing config *
14:16:56 ------------
14:16:56 * Starting *
14:16:56 * finish importing config *
14:16:56 * finish importing config *
14:16:56 /home/Photos/
14:16:56 Total of 546 images in /home/Photos/
14:16:56 /home/Photos//20180428_092538.jpg (2988, 5312, 3)
14:16:58 /home/Photos//20180428_135443.jpg (2988, 5312, 3)
14:17:00 /home/Photos//20180428_141226.jpg (2988, 5312, 3)
14:17:03 /home/Photos//20180428_143326.jpg (2988, 5312, 3)
14:17:05 /home/Photos//20180428_165551.jpg (2988, 5312, 3)
14:17:08 /home/Photos//20180428_183239.jpg (2988, 5312, 3)
14:17:29 ------------
14:17:29 * Starting *
14:17:29 * finish importing config *
14:17:29 * finish importing config *
14:17:29 /home/Photos/
14:17:29 Total of 546 images in /home/Photos/
14:17:29 /home/Photos//20170916_181254.jpg (2988, 5312, 3)
14:17:31 /home/Photos//20170916_183832.jpg (2988, 5312, 3)
14:17:34 /home/Photos//20170918_094741.jpg (2988, 5312, 3)
14:17:37 /home/Photos//20170918_115411.jpg (2988, 5312, 3)
14:17:39 /home/Photos//20170928_101341.jpg (2988, 5312, 3)
14:17:41 /home/Photos//20171004_111329.jpg (2988, 5312, 3)
14:17:44 /home/Photos//20171004_114619.jpg (2988, 5312, 3)
14:17:47 /home/Photos//20171005_131219.jpg (2988, 5312, 3)
14:17:49 /home/Photos//20171013_125614.jpg (2988, 5312, 3)
14:17:52 /home/Photos//20171013_125619.jpg (2988, 5312, 3)
14:18:13 ------------
14:18:13 * Starting *
14:18:13 * finish importing config *
14:18:13 * finish importing config *
14:18:13 /home/Photos/
14:18:13 Total of 546 images in /home/Photos/
14:18:13 /home/Photos//20171004_111329.jpg (2988, 5312, 3)
14:20:01 ------------
14:20:01 * Starting *
14:20:01 * finish importing config *
14:20:01 * finish importing config *
14:20:01 /home/Photos/
14:20:01 Total of 546 images in /home/Photos/
14:20:01 /home/Photos//20160310_092017.jpg (2988, 5312, 3)
14:20:03 /home/Photos//20160317_093443.jpg (2988, 5312, 3)
14:20:06 /home/Photos//20160317_114709.jpg (2988, 5312, 3)
14:20:42 ------------
14:20:42 * Starting *
14:20:42 * finish importing config *
14:20:42 * finish importing config *
14:20:42 /home/Photos/
14:20:42 Total of 546 images in /home/Photos/
14:20:42 /home/Photos//20180428_063953.jpg (2988, 5312, 3)
14:20:44 /home/Photos//20180428_091009.jpg (2988, 5312, 3)
14:20:46 /home/Photos//20180428_092538.jpg (2988, 5312, 3)
14:20:48 /home/Photos//20180428_135443.jpg (2988, 5312, 3)
14:21:04 ------------
14:21:04 * Starting *
14:21:04 * finish importing config *
14:21:04 * finish importing config *
14:21:04 /home/Photos/
14:21:04 Total of 546 images in /home/Photos/
14:21:04 /home/Photos//20160607_180332.jpg (2988, 5312, 3)
14:21:06 /home/Photos//20160607_180403.jpg (2988, 5312, 3)
14:21:08 /home/Photos//20160611_090429.jpg (2988, 5312, 3)
14:21:11 /home/Photos//20160611_092125.jpg (2988, 5312, 3)
14:21:13 /home/Photos//20160611_092141.jpg (2988, 5312, 3)
14:22:03 ------------
14:22:03 * Starting *
14:22:03 * finish importing config *
14:22:03 * finish importing config *
14:22:03 /home/Photos/
14:22:03 Total of 546 images in /home/Photos/
14:22:03 /home/Photos//20170803_185730.jpg (2988, 5312, 3)
14:22:05 /home/Photos//20170805_083200.jpg (2988, 5312, 3)
14:22:08 /home/Photos//20170805_084000_001.jpg (2988, 5312, 3)
14:22:56 ------------
14:22:56 * Starting *
14:22:56 * finish importing config *
14:22:56 * finish importing config *
14:22:56 /home/Photos/
14:22:56 Total of 546 images in /home/Photos/
14:22:56 /home/Photos//20180729_123219.jpg (2988, 5312, 3)
14:22:58 /home/Photos//20180729_180740.jpg (2988, 5312, 3)
14:23:01 /home/Photos//20180729_181654.jpg (2988, 5312, 3)
14:23:35 ------------
14:23:35 * Starting *
14:23:35 * finish importing config *
14:23:36 * finish importing config *
14:23:36 /home/Photos/
14:23:36 Total of 546 images in /home/Photos/
14:23:36 /home/Photos//20180418_180719.jpg (2988, 5312, 3)
14:23:38 /home/Photos//20180425_124305.jpg (2988, 5312, 3)
14:23:40 /home/Photos//20180425_183403.jpg (2988, 5312, 3)
14:24:09 ------------
14:24:09 * Starting *
14:24:09 * finish importing config *
14:24:09 * finish importing config *
14:24:09 /home/Photos/
14:24:09 Total of 546 images in /home/Photos/
14:24:09 /home/Photos//20170807_112011.jpg (2988, 5312, 3)
14:24:11 /home/Photos//20170815_172053.jpg (2988, 5312, 3)
14:24:14 /home/Photos//20170916_180959.jpg (2988, 5312, 3)
14:24:37 ------------
14:24:37 * Starting *
14:24:37 * finish importing config *
14:24:37 * finish importing config *
14:24:37 /home/Photos/
14:24:37 Total of 546 images in /home/Photos/
14:24:37 /home/Photos//20170815_172053.jpg (2988, 5312, 3)
14:24:39 /home/Photos//20170916_180959.jpg (2988, 5312, 3)
14:24:42 /home/Photos//20170916_181027.jpg (2988, 5312, 3)
14:24:57 ------------
14:24:57 * Starting *
14:24:57 * finish importing config *
14:24:57 * finish importing config *
14:24:57 /home/Photos/
14:24:57 Total of 546 images in /home/Photos/
14:24:57 /home/Photos//20180711_092331.jpg (2988, 5312, 3)
14:24:59 /home/Photos//20180711_092437.jpg (2988, 5312, 3)
14:25:08 ------------
14:25:08 * Starting *
14:25:08 * finish importing config *
14:25:08 * finish importing config *
14:25:08 /home/Photos/
14:25:08 Total of 546 images in /home/Photos/
14:25:08 /home/Photos//20160418_192723.jpg (2988, 5312, 3)
14:25:10 /home/Photos//20160419_095744.jpg (2988, 5312, 3)
14:25:28 ------------
14:25:28 * Starting *
14:25:28 * finish importing config *
14:25:28 * finish importing config *
14:25:28 /home/Photos/
14:25:28 Total of 546 images in /home/Photos/
14:25:28 /home/Photos//20160427_090154.jpg (2988, 5312, 3)
14:25:30 /home/Photos//20160427_091424.jpg (2988, 5312, 3)
14:25:33 /home/Photos//20160429_171632_002.jpg (2988, 5312, 3)
14:25:45 ------------
14:25:45 * Starting *
14:25:45 * finish importing config *
14:25:45 * finish importing config *
14:25:45 /home/Photos/
14:25:45 Total of 546 images in /home/Photos/
14:25:46 /home/Photos//20170326_125140.jpg (2988, 5312, 3)
14:25:48 /home/Photos//20170410_071939.jpg (2988, 5312, 3)
14:25:50 /home/Photos//20170410_080236.jpg (2988, 5312, 3)
14:25:53 /home/Photos//20170410_093454.jpg (2988, 5312, 3)
14:26:46 ------------
14:26:46 * Starting *
14:26:46 * finish importing config *
14:26:46 * finish importing config *
14:26:46 /home/Photos/
14:26:46 Total of 546 images in /home/Photos/
14:26:46 /home/Photos//20171014_130024.jpg (2988, 5312, 3)
14:26:55 ------------
14:26:55 * Starting *
14:26:55 * finish importing config *
14:26:55 * finish importing config *
14:26:55 /home/Photos/
14:26:55 Total of 546 images in /home/Photos/
14:26:55 /home/Photos//20170421_080429.jpg (2988, 5312, 3)
14:26:57 /home/Photos//20170421_110500.jpg (2988, 5312, 3)
14:26:59 /home/Photos//20170421_110503.jpg (2988, 5312, 3)
14:27:02 /home/Photos//20170421_174514.jpg (2988, 5312, 3)
14:27:05 /home/Photos//20170421_184614.jpg (2988, 5312, 3)
14:27:28 ------------
14:27:28 * Starting *
14:27:28 * finish importing config *
14:27:29 * finish importing config *
14:27:29 /home/Photos/
14:27:29 Total of 546 images in /home/Photos/
14:27:29 /home/Photos//20160805_105418.jpg (2988, 5312, 3)
14:27:31 /home/Photos//20160814_194235.jpg (2988, 5312, 3)
14:27:33 /home/Photos//20160814_194628.jpg (2988, 5312, 3)
14:27:36 /home/Photos//20161026_111028.jpg (2988, 5312, 3)
14:27:56 ------------
14:27:56 * Starting *
14:27:56 * finish importing config *
14:27:56 * finish importing config *
14:27:56 /home/Photos/
14:27:56 Total of 546 images in /home/Photos/
14:27:56 /home/Photos//20170420_185711.jpg (2988, 5312, 3)
14:27:58 /home/Photos//20170421_060914.jpg (2988, 5312, 3)
14:28:01 /home/Photos//20170421_063122.jpg (2988, 5312, 3)
14:28:16 ------------
14:28:16 * Starting *
14:28:16 * finish importing config *
14:28:16 * finish importing config *
14:28:16 /home/Photos/
14:28:16 Total of 546 images in /home/Photos/
14:28:16 /home/Photos//20170916_181027.jpg (2988, 5312, 3)
14:28:18 /home/Photos//20170916_181254.jpg (2988, 5312, 3)
14:28:27 ------------
14:28:27 * Starting *
14:28:27 * finish importing config *
14:28:27 * finish importing config *
14:28:27 /home/Photos/
14:28:27 Total of 546 images in /home/Photos/
14:28:27 /home/Photos//20180822_090849.jpg (2988, 5312, 3)
14:28:30 /home/Photos//20180822_174525.jpg (2988, 5312, 3)
14:28:33 /home/Photos//20180826_083701.jpg (2988, 5312, 3)
14:28:35 /home/Photos//20180829_075432.jpg (2988, 5312, 3)
14:28:37 /home/Photos//20180829_080607.jpg (2988, 5312, 3)
14:29:53 ------------
14:29:53 * Starting *
14:29:53 * finish importing config *
14:29:53 * finish importing config *
14:29:53 /home/Photos/
14:29:53 Total of 546 images in /home/Photos/
14:29:54 /home/Photos//20180401_191839.jpg (2988, 5312, 3)
14:30:14 ------------
14:30:14 * Starting *
14:30:14 * finish importing config *
14:30:14 * finish importing config *
14:30:14 /home/Photos/
14:30:14 Total of 546 images in /home/Photos/
14:30:14 /home/Photos//20171005_131219.jpg (2988, 5312, 3)
14:31:18 ------------
14:31:18 * Starting *
14:31:18 * finish importing config *
14:31:18 * finish importing config *
14:31:18 /home/Photos/
14:31:18 Total of 546 images in /home/Photos/
14:31:18 /home/Photos//20170225_105510.jpg (2988, 5312, 3)
14:32:23 ------------
14:32:23 * Starting *
14:32:23 * finish importing config *
14:32:23 * finish importing config *
14:32:23 /home/Photos/
14:32:23 Total of 546 images in /home/Photos/
14:32:23 /home/Photos//20170507_182007.jpg (2988, 5312, 3)
14:32:43 ------------
14:32:43 * Starting *
14:32:43 * finish importing config *
14:32:43 * finish importing config *
14:32:43 /home/Photos/
14:32:43 Total of 546 images in /home/Photos/
14:32:43 /home/Photos//20170622_093128.jpg (2988, 5312, 3)
